<?xml version="1.0" encoding="UTF-8"?>
<testng-results ignored="0" total="1" passed="1" failed="0" skipped="0">
  <reporter-output>
  </reporter-output>
  <suite started-at="2024-10-17T22:50:48 IST" name="Default suite" finished-at="2024-10-17T22:52:27 IST" duration-ms="99163">
    <groups>
    </groups>
    <test started-at="2024-10-17T22:50:48 IST" name="Default test" finished-at="2024-10-17T22:52:27 IST" duration-ms="99163">
      <class name="TestCases.TC_001_SignUp">
        <test-method signature="launch()[pri:0, instance:TestCases.TC_001_SignUp@5b64c4b7]" started-at="2024-10-17T22:50:48 IST" name="launch" finished-at="2024-10-17T22:52:27 IST" duration-ms="99082" status="PASS">
          <reporter-output>
          </reporter-output>
        </test-method> <!-- launch -->
      </class> <!-- TestCases.TC_001_SignUp -->
    </test> <!-- Default test -->
  </suite> <!-- Default suite -->
</testng-results>
